#
# There is insufficient memory for the Java Runtime Environment to continue.
# Native memory allocation (malloc) failed to allocate 32744 bytes for ChunkPool::allocate
# Possible reasons:
#   The system is out of physical RAM or swap space
#   The process is running with CompressedOops enabled, and the Java Heap may be blocking the growth of the native heap
# Possible solutions:
#   Reduce memory load on the system
#   Increase physical memory or swap space
#   Check if swap backing store is full
#   Decrease Java heap size (-Xmx/-Xms)
#   Decrease number of Java threads
#   Decrease Java thread stack sizes (-Xss)
#   Set larger code cache with -XX:ReservedCodeCacheSize=
#   JVM is running with Zero Based Compressed Oops mode in which the Java heap is
#     placed in the first 32GB address space. The Java Heap base address is the
#     maximum limit for the native heap growth. Please use -XX:HeapBaseMinAddress
#     to set the Java Heap base and to place the Java Heap above 32GB virtual address.
# This output file may be truncated or incomplete.
#
#  Out of Memory Error (allocation.cpp:272), pid=28524, tid=0x00000000000071e4
#
# JRE version: Java(TM) SE Runtime Environment (8.0_271-b09) (build 1.8.0_271-b09)
# Java VM: Java HotSpot(TM) 64-Bit Server VM (25.271-b09 mixed mode windows-amd64 compressed oops)
# Failed to write core dump. Minidumps are not enabled by default on client versions of Windows
#

---------------  T H R E A D  ---------------

Current thread (0x000002922ae02000):  JavaThread "main" [_thread_in_vm, id=29156, stack(0x000000abf4000000,0x000000abf4100000)]

Stack: [0x000000abf4000000,0x000000abf4100000]
Native frames: (J=compiled Java code, j=interpreted, Vv=VM code, C=native code)
V  [jvm.dll+0x33f6c9]

Java frames: (J=compiled Java code, j=interpreted, Vv=VM code)
J 936  java.lang.ClassLoader.defineClass1(Ljava/lang/String;[BIILjava/security/ProtectionDomain;Ljava/lang/String;)Ljava/lang/Class; (0 bytes) @ 0x000002922cf9739f [0x000002922cf97300+0x9f]
J 698 C1 java.lang.ClassLoader.defineClass(Ljava/lang/String;[BIILjava/security/ProtectionDomain;)Ljava/lang/Class; (43 bytes) @ 0x000002922cf4eaec [0x000002922cf4e9e0+0x10c]
J 631 C1 java.net.URLClassLoader.defineClass(Ljava/lang/String;Lsun/misc/Resource;)Ljava/lang/Class; (142 bytes) @ 0x000002922cf2fe3c [0x000002922cf2f440+0x9fc]
J 568 C1 java.net.URLClassLoader$1.run()Ljava/lang/Class; (63 bytes) @ 0x000002922cf1970c [0x000002922cf19640+0xcc]
J 567 C1 java.net.URLClassLoader$1.run()Ljava/lang/Object; (5 bytes) @ 0x000002922cf19314 [0x000002922cf192e0+0x34]
v  ~StubRoutines::call_stub
J 137  java.security.AccessController.doPrivileged(Ljava/security/PrivilegedExceptionAction;Ljava/security/AccessControlContext;)Ljava/lang/Object; (0 bytes) @ 0x000002922ce5d066 [0x000002922ce5d000+0x66]
J 528 C1 java.net.URLClassLoader.findClass(Ljava/lang/String;)Ljava/lang/Class; (47 bytes) @ 0x000002922cf0c844 [0x000002922cf0c780+0xc4]
J 3589 C1 java.lang.ClassLoader.loadClass(Ljava/lang/String;Z)Ljava/lang/Class; (122 bytes) @ 0x000002922d405384 [0x000002922d405060+0x324]
J 383 C1 sun.misc.Launcher$AppClassLoader.loadClass(Ljava/lang/String;Z)Ljava/lang/Class; (85 bytes) @ 0x000002922ced6d94 [0x000002922ced6aa0+0x2f4]
J 382 C1 java.lang.ClassLoader.loadClass(Ljava/lang/String;)Ljava/lang/Class; (7 bytes) @ 0x000002922ced6764 [0x000002922ced6720+0x44]
v  ~StubRoutines::call_stub
J 936  java.lang.ClassLoader.defineClass1(Ljava/lang/String;[BIILjava/security/ProtectionDomain;Ljava/lang/String;)Ljava/lang/Class; (0 bytes) @ 0x000002922cf9739f [0x000002922cf97300+0x9f]
J 698 C1 java.lang.ClassLoader.defineClass(Ljava/lang/String;[BIILjava/security/ProtectionDomain;)Ljava/lang/Class; (43 bytes) @ 0x000002922cf4eaec [0x000002922cf4e9e0+0x10c]
J 631 C1 java.net.URLClassLoader.defineClass(Ljava/lang/String;Lsun/misc/Resource;)Ljava/lang/Class; (142 bytes) @ 0x000002922cf2fe3c [0x000002922cf2f440+0x9fc]
J 568 C1 java.net.URLClassLoader$1.run()Ljava/lang/Class; (63 bytes) @ 0x000002922cf1970c [0x000002922cf19640+0xcc]
J 567 C1 java.net.URLClassLoader$1.run()Ljava/lang/Object; (5 bytes) @ 0x000002922cf19314 [0x000002922cf192e0+0x34]
v  ~StubRoutines::call_stub
J 137  java.security.AccessController.doPrivileged(Ljava/security/PrivilegedExceptionAction;Ljava/security/AccessControlContext;)Ljava/lang/Object; (0 bytes) @ 0x000002922ce5d066 [0x000002922ce5d000+0x66]
J 528 C1 java.net.URLClassLoader.findClass(Ljava/lang/String;)Ljava/lang/Class; (47 bytes) @ 0x000002922cf0c844 [0x000002922cf0c780+0xc4]
J 3589 C1 java.lang.ClassLoader.loadClass(Ljava/lang/String;Z)Ljava/lang/Class; (122 bytes) @ 0x000002922d405384 [0x000002922d405060+0x324]
J 383 C1 sun.misc.Launcher$AppClassLoader.loadClass(Ljava/lang/String;Z)Ljava/lang/Class; (85 bytes) @ 0x000002922ced6d94 [0x000002922ced6aa0+0x2f4]
J 382 C1 java.lang.ClassLoader.loadClass(Ljava/lang/String;)Ljava/lang/Class; (7 bytes) @ 0x000002922ced6764 [0x000002922ced6720+0x44]
v  ~StubRoutines::call_stub
j  org.hibernate.internal.SessionFactoryImpl$SessionBuilderImpl.openSession()Lorg/hibernate/Session;+12
j  org.hibernate.internal.SessionFactoryImpl.buildEntityManager(Ljavax/persistence/SynchronizationType;Ljava/util/Map;)Lorg/hibernate/Session;+53
j  org.hibernate.internal.SessionFactoryImpl.createEntityManager()Lorg/hibernate/Session;+9
j  org.hibernate.internal.SessionFactoryImpl.createEntityManager()Ljavax/persistence/EntityManager;+1
v  ~StubRoutines::call_stub
J 1916  sun.reflect.NativeMethodAccessorImpl.invoke0(Ljava/lang/reflect/Method;Ljava/lang/Object;[Ljava/lang/Object;)Ljava/lang/Object; (0 bytes) @ 0x000002922d10247f [0x000002922d102400+0x7f]
J 1915 C1 sun.reflect.NativeMethodAccessorImpl.invoke(Ljava/lang/Object;[Ljava/lang/Object;)Ljava/lang/Object; (104 bytes) @ 0x000002922d102f64 [0x000002922d102ba0+0x3c4]
J 1904 C1 sun.reflect.DelegatingMethodAccessorImpl.invoke(Ljava/lang/Object;[Ljava/lang/Object;)Ljava/lang/Object; (10 bytes) @ 0x000002922d0fe524 [0x000002922d0fe4e0+0x44]
J 1903 C1 java.lang.reflect.Method.invoke(Ljava/lang/Object;[Ljava/lang/Object;)Ljava/lang/Object; (62 bytes) @ 0x000002922d0fe124 [0x000002922d0fe020+0x104]
j  org.springframework.orm.jpa.AbstractEntityManagerFactoryBean.invokeProxyMethod(Ljava/lang/reflect/Method;[Ljava/lang/Object;)Ljava/lang/Object;+157
j  org.springframework.orm.jpa.AbstractEntityManagerFactoryBean$ManagedEntityManagerFactoryInvocationHandler.invoke(Ljava/lang/Object;Ljava/lang/reflect/Method;[Ljava/lang/Object;)Ljava/lang/Object;+98
j  com.sun.proxy.$Proxy193.createEntityManager()Ljavax/persistence/EntityManager;+9
j  org.springframework.orm.jpa.SharedEntityManagerCreator$SharedEntityManagerInvocationHandler.invoke(Ljava/lang/Object;Ljava/lang/reflect/Method;[Ljava/lang/Object;)Ljava/lang/Object;+481
j  com.sun.proxy.$Proxy195.getDelegate()Ljava/lang/Object;+9
j  org.springframework.data.jpa.provider.PersistenceProvider.fromEntityManager(Ljavax/persistence/EntityManager;)Lorg/springframework/data/jpa/provider/PersistenceProvider;+7
j  org.springframework.data.jpa.repository.support.JpaRepositoryFactory.<init>(Ljavax/persistence/EntityManager;)V+24
j  org.springframework.data.jpa.repository.support.JpaRepositoryFactoryBean.createRepositoryFactory(Ljavax/persistence/EntityManager;)Lorg/springframework/data/repository/core/support/RepositoryFactorySupport;+5
j  org.springframework.data.jpa.repository.support.JpaRepositoryFactoryBean.doCreateRepositoryFactory()Lorg/springframework/data/repository/core/support/RepositoryFactorySupport;+22
j  org.springframework.data.repository.core.support.TransactionalRepositoryFactoryBeanSupport.createRepositoryFactory()Lorg/springframework/data/repository/core/support/RepositoryFactorySupport;+1
j  org.springframework.data.repository.core.support.RepositoryFactoryBeanSupport.afterPropertiesSet()V+2
j  org.springframework.data.jpa.repository.support.JpaRepositoryFactoryBean.afterPropertiesSet()V+18
j  org.springframework.beans.factory.support.AbstractAutowireCapableBeanFactory.invokeInitMethods(Ljava/lang/String;Ljava/lang/Object;Lorg/springframework/beans/factory/support/RootBeanDefinition;)V+106
j  org.springframework.beans.factory.support.AbstractAutowireCapableBeanFactory.initializeBean(Ljava/lang/String;Ljava/lang/Object;Lorg/springframework/beans/factory/support/RootBeanDefinition;)Ljava/lang/Object;+59
j  org.springframework.beans.factory.support.AbstractAutowireCapableBeanFactory.doCreateBean(Ljava/lang/String;Lorg/springframework/beans/factory/support/RootBeanDefinition;[Ljava/lang/Object;)Ljava/lang/Object;+245
j  org.springframework.beans.factory.support.AbstractAutowireCapableBeanFactory.createBean(Ljava/lang/String;Lorg/springframework/beans/factory/support/RootBeanDefinition;[Ljava/lang/Object;)Ljava/lang/Object;+169
j  org.springframework.beans.factory.support.AbstractBeanFactory.lambda$doGetBean$0(Ljava/lang/String;Lorg/springframework/beans/factory/support/RootBeanDefinition;[Ljava/lang/Object;)Ljava/lang/Object;+4
j  org.springframework.beans.factory.support.AbstractBeanFactory$$Lambda$147.getObject()Ljava/lang/Object;+16
j  org.springframework.beans.factory.support.DefaultSingletonBeanRegistry.getSingleton(Ljava/lang/String;Lorg/springframework/beans/factory/ObjectFactory;)Ljava/lang/Object;+132
J 2528 C1 org.springframework.beans.factory.support.AbstractBeanFactory.doGetBean(Ljava/lang/String;Ljava/lang/Class;[Ljava/lang/Object;Z)Ljava/lang/Object; (833 bytes) @ 0x000002922d2191ac [0x000002922d218c80+0x52c]
J 2817 C1 org.springframework.beans.factory.support.AbstractBeanFactory.getBean(Ljava/lang/String;Ljava/lang/Class;)Ljava/lang/Object; (9 bytes) @ 0x000002922d2a29a4 [0x000002922d2a2960+0x44]
j  org.springframework.context.support.AbstractApplicationContext.getBean(Ljava/lang/String;Ljava/lang/Class;)Ljava/lang/Object;+10
j  org.springframework.data.repository.support.Repositories.cacheRepositoryFactory(Ljava/lang/String;)V+13
j  org.springframework.data.repository.support.Repositories.populateRepositoryFactoryInformation(Lorg/springframework/beans/factory/ListableBeanFactory;)V+30
j  org.springframework.data.repository.support.Repositories.<init>(Lorg/springframework/beans/factory/ListableBeanFactory;)V+42
j  org.springframework.data.repository.support.DomainClassConverter.setApplicationContext(Lorg/springframework/context/ApplicationContext;)V+6
j  org.springframework.data.web.config.SpringDataWebConfiguration.addFormatters(Lorg/springframework/format/FormatterRegistry;)V+45
j  org.springframework.web.servlet.config.annotation.WebMvcConfigurerComposite.addFormatters(Lorg/springframework/format/FormatterRegistry;)V+31
j  org.springframework.web.servlet.config.annotation.DelegatingWebMvcConfiguration.addFormatters(Lorg/springframework/format/FormatterRegistry;)V+5
j  org.springframework.boot.autoconfigure.web.servlet.WebMvcAutoConfiguration$EnableWebMvcConfiguration.mvcConversionService()Lorg/springframework/format/support/FormattingConversionService;+17
v  ~StubRoutines::call_stub
J 1916  sun.reflect.NativeMethodAccessorImpl.invoke0(Ljava/lang/reflect/Method;Ljava/lang/Object;[Ljava/lang/Object;)Ljava/lang/Object; (0 bytes) @ 0x000002922d10247f [0x000002922d102400+0x7f]
J 1915 C1 sun.reflect.NativeMethodAccessorImpl.invoke(Ljava/lang/Object;[Ljava/lang/Object;)Ljava/lang/Object; (104 bytes) @ 0x000002922d102f64 [0x000002922d102ba0+0x3c4]
J 1904 C1 sun.reflect.DelegatingMethodAccessorImpl.invoke(Ljava/lang/Object;[Ljava/lang/Object;)Ljava/lang/Object; (10 bytes) @ 0x000002922d0fe524 [0x000002922d0fe4e0+0x44]
J 1903 C1 java.lang.reflect.Method.invoke(Ljava/lang/Object;[Ljava/lang/Object;)Ljava/lang/Object; (62 bytes) @ 0x000002922d0fe124 [0x000002922d0fe020+0x104]
j  org.springframework.beans.factory.support.SimpleInstantiationStrategy.instantiate(Lorg/springframework/beans/factory/support/RootBeanDefinition;Ljava/lang/String;Lorg/springframework/beans/factory/BeanFactory;Ljava/lang/Object;Ljava/lang/reflect/Method;[Ljava/lang/Object;)Ljava/lang/Object;+50
j  org.springframework.beans.factory.support.ConstructorResolver.instantiate(Ljava/lang/String;Lorg/springframework/beans/factory/support/RootBeanDefinition;Ljava/lang/Object;Ljava/lang/reflect/Method;[Ljava/lang/Object;)Ljava/lang/Object;+48
j  org.springframework.beans.factory.support.ConstructorResolver.instantiateUsingFactoryMethod(Ljava/lang/String;Lorg/springframework/beans/factory/support/RootBeanDefinition;[Ljava/lang/Object;)Lorg/springframework/beans/BeanWrapper;+1519
j  org.springframework.beans.factory.support.AbstractAutowireCapableBeanFactory.instantiateUsingFactoryMethod(Ljava/lang/String;Lorg/springframework/beans/factory/support/RootBeanDefinition;[Ljava/lang/Object;)Lorg/springframework/beans/BeanWrapper;+11
j  org.springframework.beans.factory.support.AbstractAutowireCapableBeanFactory.createBeanInstance(Ljava/lang/String;Lorg/springframework/beans/factory/support/RootBeanDefinition;[Ljava/lang/Object;)Lorg/springframework/beans/BeanWrapper;+101
j  org.springframework.beans.factory.support.AbstractAutowireCapableBeanFactory.doCreateBean(Ljava/lang/String;Lorg/springframework/beans/factory/support/RootBeanDefinition;[Ljava/lang/Object;)Ljava/lang/Object;+34
j  org.springframework.beans.factory.support.AbstractAutowireCapableBeanFactory.createBean(Ljava/lang/String;Lorg/springframework/beans/factory/support/RootBeanDefinition;[Ljava/lang/Object;)Ljava/lang/Object;+169
j  org.springframework.beans.factory.support.AbstractBeanFactory.lambda$doGetBean$0(Ljava/lang/String;Lorg/springframework/beans/factory/support/RootBeanDefinition;[Ljava/lang/Object;)Ljava/lang/Object;+4
j  org.springframework.beans.factory.support.AbstractBeanFactory$$Lambda$147.getObject()Ljava/lang/Object;+16
j  org.springframework.beans.factory.support.DefaultSingletonBeanRegistry.getSingleton(Ljava/lang/String;Lorg/springframework/beans/factory/ObjectFactory;)Ljava/lang/Object;+132
J 2528 C1 org.springframework.beans.factory.support.AbstractBeanFactory.doGetBean(Ljava/lang/String;Ljava/lang/Class;[Ljava/lang/Object;Z)Ljava/lang/Object; (833 bytes) @ 0x000002922d2191ac [0x000002922d218c80+0x52c]
J 4156 C1 org.springframework.beans.factory.support.AbstractBeanFactory.getBean(Ljava/lang/String;)Ljava/lang/Object; (9 bytes) @ 0x000002922d52a64c [0x000002922d52a600+0x4c]
j  org.springframework.beans.factory.config.DependencyDescriptor.resolveCandidate(Ljava/lang/String;Ljava/lang/Class;Lorg/springframework/beans/factory/BeanFactory;)Ljava/lang/Object;+2
j  org.springframework.beans.factory.support.DefaultListableBeanFactory.doResolveDependency(Lorg/springframework/beans/factory/config/DependencyDescriptor;Ljava/lang/String;Ljava/util/Set;Lorg/springframework/beans/TypeConverter;)Ljava/lang/Object;+440
j  org.springframework.beans.factory.support.DefaultListableBeanFactory.resolveDependency(Lorg/springframework/beans/factory/config/DependencyDescriptor;Ljava/lang/String;Ljava/util/Set;Lorg/springframework/beans/TypeConverter;)Ljava/lang/Object;+108
j  org.springframework.beans.factory.support.ConstructorResolver.resolveAutowiredArgument(Lorg/springframework/core/MethodParameter;Ljava/lang/String;Ljava/util/Set;Lorg/springframework/beans/TypeConverter;Z)Ljava/lang/Object;+79
j  org.springframework.beans.factory.support.ConstructorResolver.createArgumentArray(Ljava/lang/String;Lorg/springframework/beans/factory/support/RootBeanDefinition;Lorg/springframework/beans/factory/config/ConstructorArgumentValues;Lorg/springframework/beans/BeanWrapper;[Ljava/lang/Class;[Ljava/lang/String;Ljava/lang/reflect/Executable;ZZ)Lorg/springframework/beans/factory/support/ConstructorResolver$ArgumentsHolder;+434
j  org.springframework.beans.factory.support.ConstructorResolver.instantiateUsingFactoryMethod(Ljava/lang/String;Lorg/springframework/beans/factory/support/RootBeanDefinition;[Ljava/lang/Object;)Lorg/springframework/beans/BeanWrapper;+727
j  org.springframework.beans.factory.support.AbstractAutowireCapableBeanFactory.instantiateUsingFactoryMethod(Ljava/lang/String;Lorg/springframework/beans/factory/support/RootBeanDefinition;[Ljava/lang/Object;)Lorg/springframework/beans/BeanWrapper;+11
j  org.springframework.beans.factory.support.AbstractAutowireCapableBeanFactory.createBeanInstance(Ljava/lang/String;Lorg/springframework/beans/factory/support/RootBeanDefinition;[Ljava/lang/Object;)Lorg/springframework/beans/BeanWrapper;+101
j  org.springframework.beans.factory.support.AbstractAutowireCapableBeanFactory.doCreateBean(Ljava/lang/String;Lorg/springframework/beans/factory/support/RootBeanDefinition;[Ljava/lang/Object;)Ljava/lang/Object;+34
j  org.springframework.beans.factory.support.AbstractAutowireCapableBeanFactory.createBean(Ljava/lang/String;Lorg/springframework/beans/factory/support/RootBeanDefinition;[Ljava/lang/Object;)Ljava/lang/Object;+169
j  org.springframework.beans.factory.support.AbstractBeanFactory.lambda$doGetBean$0(Ljava/lang/String;Lorg/springframework/beans/factory/support/RootBeanDefinition;[Ljava/lang/Object;)Ljava/lang/Object;+4
j  org.springframework.beans.factory.support.AbstractBeanFactory$$Lambda$147.getObject()Ljava/lang/Object;+16
j  org.springframework.beans.factory.support.DefaultSingletonBeanRegistry.getSingleton(Ljava/lang/String;Lorg/springframework/beans/factory/ObjectFactory;)Ljava/lang/Object;+132
J 2528 C1 org.springframework.beans.factory.support.AbstractBeanFactory.doGetBean(Ljava/lang/String;Ljava/lang/Class;[Ljava/lang/Object;Z)Ljava/lang/Object; (833 bytes) @ 0x000002922d2191ac [0x000002922d218c80+0x52c]
J 4156 C1 org.springframework.beans.factory.support.AbstractBeanFactory.getBean(Ljava/lang/String;)Ljava/lang/Object; (9 bytes) @ 0x000002922d52a64c [0x000002922d52a600+0x4c]
j  org.springframework.beans.factory.config.DependencyDescriptor.resolveCandidate(Ljava/lang/String;Ljava/lang/Class;Lorg/springframework/beans/factory/BeanFactory;)Ljava/lang/Object;+2
j  org.springframework.beans.factory.support.DefaultListableBeanFactory.doResolveDependency(Lorg/springframework/beans/factory/config/DependencyDescriptor;Ljava/lang/String;Ljava/util/Set;Lorg/springframework/beans/TypeConverter;)Ljava/lang/Object;+440
j  org.springframework.beans.factory.support.DefaultListableBeanFactory.resolveDependency(Lorg/springframework/beans/factory/config/DependencyDescriptor;Ljava/lang/String;Ljava/util/Set;Lorg/springframework/beans/TypeConverter;)Ljava/lang/Object;+108
j  org.springframework.beans.factory.annotation.AutowiredAnnotationBeanPostProcessor$AutowiredFieldElement.inject(Ljava/lang/Object;Ljava/lang/String;Lorg/springframework/beans/PropertyValues;)V+115
j  org.springframework.beans.factory.annotation.InjectionMetadata.inject(Ljava/lang/Object;Ljava/lang/String;Lorg/springframework/beans/PropertyValues;)V+116
j  org.springframework.beans.factory.annotation.AutowiredAnnotationBeanPostProcessor.postProcessProperties(Lorg/springframework/beans/PropertyValues;Ljava/lang/Object;Ljava/lang/String;)Lorg/springframework/beans/PropertyValues;+17
j  org.springframework.beans.factory.support.AbstractAutowireCapableBeanFactory.populateBean(Ljava/lang/String;Lorg/springframework/beans/factory/support/RootBeanDefinition;Lorg/springframework/beans/BeanWrapper;)V+289
j  org.springframework.beans.factory.support.AbstractAutowireCapableBeanFactory.doCreateBean(Ljava/lang/String;Lorg/springframework/beans/factory/support/RootBeanDefinition;[Ljava/lang/Object;)Ljava/lang/Object;+237
j  org.springframework.beans.factory.support.AbstractAutowireCapableBeanFactory.createBean(Ljava/lang/String;Lorg/springframework/beans/factory/support/RootBeanDefinition;[Ljava/lang/Object;)Ljava/lang/Object;+169
j  org.springframework.beans.factory.support.AbstractBeanFactory.lambda$doGetBean$0(Ljava/lang/String;Lorg/springframework/beans/factory/support/RootBeanDefinition;[Ljava/lang/Object;)Ljava/lang/Object;+4
j  org.springframework.beans.factory.support.AbstractBeanFactory$$Lambda$147.getObject()Ljava/lang/Object;+16
j  org.springframework.beans.factory.support.DefaultSingletonBeanRegistry.getSingleton(Ljava/lang/String;Lorg/springframework/beans/factory/ObjectFactory;)Ljava/lang/Object;+132
J 2528 C1 org.springframework.beans.factory.support.AbstractBeanFactory.doGetBean(Ljava/lang/String;Ljava/lang/Class;[Ljava/lang/Object;Z)Ljava/lang/Object; (833 bytes) @ 0x000002922d2191ac [0x000002922d218c80+0x52c]
J 4156 C1 org.springframework.beans.factory.support.AbstractBeanFactory.getBean(Ljava/lang/String;)Ljava/lang/Object; (9 bytes) @ 0x000002922d52a64c [0x000002922d52a600+0x4c]
j  org.springframework.beans.factory.support.DefaultListableBeanFactory.preInstantiateSingletons()V+248
j  org.springframework.context.support.AbstractApplicationContext.finishBeanFactoryInitialization(Lorg/springframework/beans/factory/config/ConfigurableListableBeanFactory;)V+124
j  org.springframework.context.support.AbstractApplicationContext.refresh()V+54
j  org.springframework.boot.web.servlet.context.ServletWebServerApplicationContext.refresh()V+1
j  org.springframework.boot.SpringApplication.refresh(Lorg/springframework/context/ApplicationContext;)V+10
j  org.springframework.boot.SpringApplication.refreshContext(Lorg/springframework/context/ConfigurableApplicationContext;)V+2
j  org.springframework.boot.SpringApplication.run([Ljava/lang/String;)Lorg/springframework/context/ConfigurableApplicationContext;+118
j  org.springframework.boot.SpringApplication.run([Ljava/lang/Class;[Ljava/lang/String;)Lorg/springframework/context/ConfigurableApplicationContext;+9
j  org.springframework.boot.SpringApplication.run(Ljava/lang/Class;[Ljava/lang/String;)Lorg/springframework/context/ConfigurableApplicationContext;+9
j  com.asianaidt.ict.analyca.WebServerApplication.main([Ljava/lang/String;)V+3
v  ~StubRoutines::call_stub

---------------  P R O C E S S  ---------------

Java Threads: ( => current thread )
  0x0000029247faa000 JavaThread "container-0" [_thread_blocked, id=28752, stack(0x000000abf5c00000,0x000000abf5d00000)]
  0x000002924abf6800 JavaThread "Catalina-utility-2" [_thread_blocked, id=30056, stack(0x000000abf5b00000,0x000000abf5c00000)]
  0x000002924abf6000 JavaThread "Catalina-utility-1" [_thread_blocked, id=23340, stack(0x000000abf5a00000,0x000000abf5b00000)]
  0x0000029248e7d000 JavaThread "spring.cloud.inetutils" daemon [_thread_blocked, id=31532, stack(0x000000abf5900000,0x000000abf5a00000)]
  0x000002924846c000 JavaThread "HikariPool-2 housekeeper" daemon [_thread_blocked, id=27000, stack(0x000000abf5600000,0x000000abf5700000)]
  0x0000029247b17800 JavaThread "HikariPool-1 housekeeper" daemon [_thread_blocked, id=4784, stack(0x000000abf5500000,0x000000abf5600000)]
  0x000002924678e000 JavaThread "Service Thread" daemon [_thread_blocked, id=25572, stack(0x000000abf5200000,0x000000abf5300000)]
  0x0000029246774000 JavaThread "C1 CompilerThread3" daemon [_thread_blocked, id=18076, stack(0x000000abf5100000,0x000000abf5200000)]
  0x000002924676b800 JavaThread "C2 CompilerThread2" daemon [_thread_blocked, id=28104, stack(0x000000abf5000000,0x000000abf5100000)]
  0x0000029246767800 JavaThread "C2 CompilerThread1" daemon [_thread_blocked, id=21188, stack(0x000000abf4f00000,0x000000abf5000000)]
  0x0000029246764000 JavaThread "C2 CompilerThread0" daemon [_thread_blocked, id=13712, stack(0x000000abf4e00000,0x000000abf4f00000)]
  0x0000029246762000 JavaThread "Attach Listener" daemon [_thread_blocked, id=20564, stack(0x000000abf4d00000,0x000000abf4e00000)]
  0x000002924670e000 JavaThread "Signal Dispatcher" daemon [_thread_blocked, id=22876, stack(0x000000abf4c00000,0x000000abf4d00000)]
  0x00000292466e5800 JavaThread "Finalizer" daemon [_thread_blocked, id=27944, stack(0x000000abf4b00000,0x000000abf4c00000)]
  0x00000292466dc800 JavaThread "Reference Handler" daemon [_thread_blocked, id=24684, stack(0x000000abf4a00000,0x000000abf4b00000)]
=>0x000002922ae02000 JavaThread "main" [_thread_in_vm, id=29156, stack(0x000000abf4000000,0x000000abf4100000)]

Other Threads:
  0x00000292466b3000 VMThread [stack: 0x000000abf4900000,0x000000abf4a00000] [id=30320]
  0x0000029246785800 WatcherThread [stack: 0x000000abf5300000,0x000000abf5400000] [id=20200]

VM state:not at safepoint (normal execution)

VM Mutex/Monitor currently owned by a thread: None

OutOfMemory and StackOverflow Exception counts:
OutOfMemoryError java_heap_errors=2

heap address: 0x00000006c5e00000, size: 4002 MB, Compressed Oops mode: Zero based, Oop shift amount: 3
Narrow klass base: 0x0000000000000000, Narrow klass shift: 3
Compressed class space size: 1073741824 Address: 0x00000007c0000000

Heap:
 PSYoungGen      total 407552K, used 53971K [0x000000076ca00000, 0x0000000786700000, 0x00000007c0000000)
  eden space 396288K, 13% used [0x000000076ca00000,0x000000076feb4d20,0x0000000784d00000)
  from space 11264K, 0% used [0x0000000785c00000,0x0000000785c00000,0x0000000786700000)
  to   space 13312K, 0% used [0x0000000784d00000,0x0000000784d00000,0x0000000785a00000)
 ParOldGen       total 104960K, used 21263K [0x00000006c5e00000, 0x00000006cc480000, 0x000000076ca00000)
  object space 104960K, 20% used [0x00000006c5e00000,0x00000006c72c3ce8,0x00000006cc480000)
 Metaspace       used 54784K, capacity 56970K, committed 57472K, reserved 1116160K
  class space    used 7768K, capacity 8174K, committed 8320K, reserved 1048576K

Card table byte_map: [0x000002923c0e0000,0x000002923c8c0000] byte_map_base: 0x0000029238ab1000

Marking Bits: (ParMarkBitMap*) 0x000000005e0a7fe0
 Begin Bits: [0x000002923ce00000, 0x0000029240c88000)
 End Bits:   [0x0000029240c88000, 0x0000029244b10000)

Polling page: 0x000002922cb50000

CodeCache: size=245760Kb used=9034Kb max_used=9034Kb free=236725Kb
 bounds [0x000002922cd20000, 0x000002922d600000, 0x000002923bd20000]
 total_blobs=5357 nmethods=4785 adapters=481
 compilation: enabled

Compilation events (10 events):
Event: 17.119 Thread 0x0000029246774000 4898  s!   1       java.lang.ClassLoader::initSystemClassLoader (109 bytes)
Event: 17.120 Thread 0x0000029246774000 nmethod 4898 0x000002922d5f3050 code [0x000002922d5f3200, 0x000002922d5f3860]
Event: 17.151 Thread 0x0000029246774000 4899       1       sun.reflect.generics.tree.Wildcard::accept (8 bytes)
Event: 17.151 Thread 0x0000029246774000 nmethod 4899 0x000002922d5f3b50 code [0x000002922d5f3cc0, 0x000002922d5f3f78]
Event: 17.151 Thread 0x0000029246774000 4900       1       sun.reflect.generics.visitor.Reifier::visitWildcard (22 bytes)
Event: 17.152 Thread 0x0000029246774000 nmethod 4900 0x000002922d5f4190 code [0x000002922d5f4300, 0x000002922d5f4578]
Event: 17.152 Thread 0x0000029246774000 4901       1       org.springframework.beans.GenericTypeAwarePropertyDescriptor::getReadMethod (5 bytes)
Event: 17.152 Thread 0x0000029246774000 nmethod 4901 0x000002922d5f4710 code [0x000002922d5f4860, 0x000002922d5f4978]
Event: 17.153 Thread 0x0000029246774000 4902       1       org.springframework.util.Assert::isInstanceOf (8 bytes)
Event: 17.153 Thread 0x0000029246774000 nmethod 4902 0x000002922d5f49d0 code [0x000002922d5f4b40, 0x000002922d5f4d40]

GC Heap History (10 events):
Event: 15.961 GC heap before
{Heap before GC invocations=36 (full 14):
 PSYoungGen      total 406528K, used 32K [0x000000076ca00000, 0x0000000786a00000, 0x00000007c0000000)
  eden space 391168K, 0% used [0x000000076ca00000,0x000000076ca00000,0x0000000784800000)
  from space 15360K, 0% used [0x0000000785b00000,0x0000000785b08000,0x0000000786a00000)
  to   space 17408K, 0% used [0x0000000784800000,0x0000000784800000,0x0000000785900000)
 ParOldGen       total 104960K, used 19179K [0x00000006c5e00000, 0x00000006cc480000, 0x000000076ca00000)
  object space 104960K, 18% used [0x00000006c5e00000,0x00000006c70bac88,0x00000006cc480000)
 Metaspace       used 50683K, capacity 52754K, committed 53248K, reserved 1114112K
  class space    used 7105K, capacity 7514K, committed 7680K, reserved 1048576K
Event: 16.001 GC heap after
Heap after GC invocations=36 (full 14):
 PSYoungGen      total 406528K, used 0K [0x000000076ca00000, 0x0000000786a00000, 0x00000007c0000000)
  eden space 391168K, 0% used [0x000000076ca00000,0x000000076ca00000,0x0000000784800000)
  from space 15360K, 0% used [0x0000000785b00000,0x0000000785b00000,0x0000000786a00000)
  to   space 17408K, 0% used [0x0000000784800000,0x0000000784800000,0x0000000785900000)
 ParOldGen       total 104960K, used 19070K [0x00000006c5e00000, 0x00000006cc480000, 0x000000076ca00000)
  object space 104960K, 18% used [0x00000006c5e00000,0x00000006c709f920,0x00000006cc480000)
 Metaspace       used 50683K, capacity 52754K, committed 53248K, reserved 1110016K
  class space    used 7105K, capacity 7514K, committed 7680K, reserved 1048576K
}
Event: 16.001 GC heap before
{Heap before GC invocations=37 (full 14):
 PSYoungGen      total 406528K, used 0K [0x000000076ca00000, 0x0000000786a00000, 0x00000007c0000000)
  eden space 391168K, 0% used [0x000000076ca00000,0x000000076ca00000,0x0000000784800000)
  from space 15360K, 0% used [0x0000000785b00000,0x0000000785b00000,0x0000000786a00000)
  to   space 17408K, 0% used [0x0000000784800000,0x0000000784800000,0x0000000785900000)
 ParOldGen       total 104960K, used 19070K [0x00000006c5e00000, 0x00000006cc480000, 0x000000076ca00000)
  object space 104960K, 18% used [0x00000006c5e00000,0x00000006c709f920,0x00000006cc480000)
 Metaspace       used 50683K, capacity 52754K, committed 53248K, reserved 1114112K
  class space    used 7105K, capacity 7514K, committed 7680K, reserved 1048576K
Event: 16.003 GC heap after
Heap after GC invocations=37 (full 14):
 PSYoungGen      total 408576K, used 0K [0x000000076ca00000, 0x0000000786980000, 0x00000007c0000000)
  eden space 391168K, 0% used [0x000000076ca00000,0x000000076ca00000,0x0000000784800000)
  from space 17408K, 0% used [0x0000000784800000,0x0000000784800000,0x0000000785900000)
  to   space 13824K, 0% used [0x0000000785c00000,0x0000000785c00000,0x0000000786980000)
 ParOldGen       total 104960K, used 19070K [0x00000006c5e00000, 0x00000006cc480000, 0x000000076ca00000)
  object space 104960K, 18% used [0x00000006c5e00000,0x00000006c709f920,0x00000006cc480000)
 Metaspace       used 50683K, capacity 52754K, committed 53248K, reserved 1114112K
  class space    used 7105K, capacity 7514K, committed 7680K, reserved 1048576K
}
Event: 16.003 GC heap before
{Heap before GC invocations=38 (full 15):
 PSYoungGen      total 408576K, used 0K [0x000000076ca00000, 0x0000000786980000, 0x00000007c0000000)
  eden space 391168K, 0% used [0x000000076ca00000,0x000000076ca00000,0x0000000784800000)
  from space 17408K, 0% used [0x0000000784800000,0x0000000784800000,0x0000000785900000)
  to   space 13824K, 0% used [0x0000000785c00000,0x0000000785c00000,0x0000000786980000)
 ParOldGen       total 104960K, used 19070K [0x00000006c5e00000, 0x00000006cc480000, 0x000000076ca00000)
  object space 104960K, 18% used [0x00000006c5e00000,0x00000006c709f920,0x00000006cc480000)
 Metaspace       used 50683K, capacity 52754K, committed 53248K, reserved 1114112K
  class space    used 7105K, capacity 7514K, committed 7680K, reserved 1048576K
Event: 16.160 GC heap after
Heap after GC invocations=38 (full 15):
 PSYoungGen      total 408576K, used 0K [0x000000076ca00000, 0x0000000786980000, 0x00000007c0000000)
  eden space 391168K, 0% used [0x000000076ca00000,0x000000076ca00000,0x0000000784800000)
  from space 17408K, 0% used [0x0000000784800000,0x0000000784800000,0x0000000785900000)
  to   space 13824K, 0% used [0x0000000785c00000,0x0000000785c00000,0x0000000786980000)
 ParOldGen       total 104960K, used 18711K [0x00000006c5e00000, 0x00000006cc480000, 0x000000076ca00000)
  object space 104960K, 17% used [0x00000006c5e00000,0x00000006c7045c20,0x00000006cc480000)
 Metaspace       used 50683K, capacity 52754K, committed 53248K, reserved 1110016K
  class space    used 7105K, capacity 7514K, committed 7680K, reserved 1048576K
}
Event: 16.639 GC heap before
{Heap before GC invocations=39 (full 15):
 PSYoungGen      total 408576K, used 116493K [0x000000076ca00000, 0x0000000786980000, 0x00000007c0000000)
  eden space 391168K, 29% used [0x000000076ca00000,0x0000000773bc3488,0x0000000784800000)
  from space 17408K, 0% used [0x0000000784800000,0x0000000784800000,0x0000000785900000)
  to   space 13824K, 0% used [0x0000000785c00000,0x0000000785c00000,0x0000000786980000)
 ParOldGen       total 104960K, used 18711K [0x00000006c5e00000, 0x00000006cc480000, 0x000000076ca00000)
  object space 104960K, 17% used [0x00000006c5e00000,0x00000006c7045c20,0x00000006cc480000)
 Metaspace       used 53564K, capacity 55650K, committed 56064K, reserved 1118208K
  class space    used 7619K, capacity 8018K, committed 8192K, reserved 1048576K
Event: 16.643 GC heap after
Heap after GC invocations=39 (full 15):
 PSYoungGen      total 407552K, used 3844K [0x000000076ca00000, 0x0000000786700000, 0x00000007c0000000)
  eden space 396288K, 0% used [0x000000076ca00000,0x000000076ca00000,0x0000000784d00000)
  from space 11264K, 34% used [0x0000000785c00000,0x0000000785fc12b8,0x0000000786700000)
  to   space 13312K, 0% used [0x0000000784d00000,0x0000000784d00000,0x0000000785a00000)
 ParOldGen       total 104960K, used 18711K [0x00000006c5e00000, 0x00000006cc480000, 0x000000076ca00000)
  object space 104960K, 17% used [0x00000006c5e00000,0x00000006c7045c20,0x00000006cc480000)
 Metaspace       used 53564K, capacity 55650K, committed 56064K, reserved 1118208K
  class space    used 7619K, capacity 8018K, committed 8192K, reserved 1048576K
}
Event: 16.643 GC heap before
{Heap before GC invocations=40 (full 16):
 PSYoungGen      total 407552K, used 3844K [0x000000076ca00000, 0x0000000786700000, 0x00000007c0000000)
  eden space 396288K, 0% used [0x000000076ca00000,0x000000076ca00000,0x0000000784d00000)
  from space 11264K, 34% used [0x0000000785c00000,0x0000000785fc12b8,0x0000000786700000)
  to   space 13312K, 0% used [0x0000000784d00000,0x0000000784d00000,0x0000000785a00000)
 ParOldGen       total 104960K, used 18711K [0x00000006c5e00000, 0x00000006cc480000, 0x000000076ca00000)
  object space 104960K, 17% used [0x00000006c5e00000,0x00000006c7045c20,0x00000006cc480000)
 Metaspace       used 53564K, capacity 55650K, committed 56064K, reserved 1118208K
  class space    used 7619K, capacity 8018K, committed 8192K, reserved 1048576K
Event: 16.742 GC heap after
Heap after GC invocations=40 (full 16):
 PSYoungGen      total 407552K, used 0K [0x000000076ca00000, 0x0000000786700000, 0x00000007c0000000)
  eden space 396288K, 0% used [0x000000076ca00000,0x000000076ca00000,0x0000000784d00000)
  from space 11264K, 0% used [0x0000000785c00000,0x0000000785c00000,0x0000000786700000)
  to   space 13312K, 0% used [0x0000000784d00000,0x0000000784d00000,0x0000000785a00000)
 ParOldGen       total 104960K, used 21263K [0x00000006c5e00000, 0x00000006cc480000, 0x000000076ca00000)
  object space 104960K, 20% used [0x00000006c5e00000,0x00000006c72c3ce8,0x00000006cc480000)
 Metaspace       used 53564K, capacity 55650K, committed 56064K, reserved 1116160K
  class space    used 7619K, capacity 8018K, committed 8192K, reserved 1048576K
}

Deoptimization events (0 events):
No events

Classes redefined (0 events):
No events

Internal exceptions (10 events):
Event: 17.151 Thread 0x000002922ae02000 Exception <a 'java/lang/ArrayIndexOutOfBoundsException'> (0x000000076fa64868) thrown at [C:\jenkins\workspace\8-2-build-windows-amd64-cygwin\jdk8u271\605\hotspot\src\share\vm\runtime\sharedRuntime.cpp, line 609]
Event: 17.151 Thread 0x000002922ae02000 Exception <a 'java/lang/ArrayIndexOutOfBoundsException'> (0x000000076fa66600) thrown at [C:\jenkins\workspace\8-2-build-windows-amd64-cygwin\jdk8u271\605\hotspot\src\share\vm\runtime\sharedRuntime.cpp, line 609]
Event: 17.151 Thread 0x000002922ae02000 Exception <a 'java/lang/ArrayIndexOutOfBoundsException'> (0x000000076fa680f0) thrown at [C:\jenkins\workspace\8-2-build-windows-amd64-cygwin\jdk8u271\605\hotspot\src\share\vm\runtime\sharedRuntime.cpp, line 609]
Event: 17.151 Thread 0x000002922ae02000 Exception <a 'java/lang/ArrayIndexOutOfBoundsException'> (0x000000076fa69728) thrown at [C:\jenkins\workspace\8-2-build-windows-amd64-cygwin\jdk8u271\605\hotspot\src\share\vm\runtime\sharedRuntime.cpp, line 609]
Event: 17.151 Thread 0x000002922ae02000 Exception <a 'java/lang/ArrayIndexOutOfBoundsException'> (0x000000076fa6c7f0) thrown at [C:\jenkins\workspace\8-2-build-windows-amd64-cygwin\jdk8u271\605\hotspot\src\share\vm\runtime\sharedRuntime.cpp, line 609]
Event: 17.151 Thread 0x000002922ae02000 Exception <a 'java/lang/ArrayIndexOutOfBoundsException'> (0x000000076fa7e638) thrown at [C:\jenkins\workspace\8-2-build-windows-amd64-cygwin\jdk8u271\605\hotspot\src\share\vm\runtime\sharedRuntime.cpp, line 609]
Event: 17.151 Thread 0x000002922ae02000 Exception <a 'java/lang/ArrayIndexOutOfBoundsException'> (0x000000076fa80dc0) thrown at [C:\jenkins\workspace\8-2-build-windows-amd64-cygwin\jdk8u271\605\hotspot\src\share\vm\runtime\sharedRuntime.cpp, line 609]
Event: 17.152 Thread 0x000002922ae02000 Exception <a 'java/lang/ArrayIndexOutOfBoundsException'> (0x000000076fa82e88) thrown at [C:\jenkins\workspace\8-2-build-windows-amd64-cygwin\jdk8u271\605\hotspot\src\share\vm\runtime\sharedRuntime.cpp, line 609]
Event: 17.152 Thread 0x000002922ae02000 Exception <a 'java/lang/ArrayIndexOutOfBoundsException'> (0x000000076fa85220) thrown at [C:\jenkins\workspace\8-2-build-windows-amd64-cygwin\jdk8u271\605\hotspot\src\share\vm\runtime\sharedRuntime.cpp, line 609]
Event: 17.165 Thread 0x000002922ae02000 Exception <a 'java/lang/NoSuchMethodError': java.lang.Object.lambda$map$1(Ljava/util/function/Function;)Ljava/util/stream/Stream;> (0x000000076fc5af70) thrown at [C:\jenkins\workspace\8-2-build-windows-amd64-cygwin\jdk8u271\605\hotspot\src\share\vm\interp

Events (10 events):
Event: 17.172 loading class org/springframework/transaction/support/TransactionSynchronizationUtils$ScopedProxyUnwrapper
Event: 17.172 loading class org/springframework/transaction/support/TransactionSynchronizationUtils$ScopedProxyUnwrapper done
Event: 17.172 loading class org/hibernate/internal/SessionImpl
Event: 17.172 loading class org/hibernate/internal/SessionImpl done
Event: 17.174 loading class org/hibernate/event/spi/EventSource
Event: 17.174 loading class org/hibernate/event/spi/EventSource done
Event: 17.177 loading class org/hibernate/internal/AbstractSessionImpl
Event: 17.177 loading class org/hibernate/internal/AbstractSessionImpl done
Event: 17.178 loading class org/hibernate/internal/AbstractSharedSessionContract
Event: 17.178 loading class org/hibernate/internal/AbstractSharedSessionContract done


Dynamic libraries:
0x00007ff65bbb0000 - 0x00007ff65bbf7000 	C:\Program Files\Java\jdk1.8.0_271\bin\java.exe
0x00007ffb7c110000 - 0x00007ffb7c305000 	C:\WINDOWS\SYSTEM32\ntdll.dll
0x00007ffb7af40000 - 0x00007ffb7affe000 	C:\WINDOWS\System32\KERNEL32.DLL
0x00007ffb79c70000 - 0x00007ffb79f39000 	C:\WINDOWS\System32\KERNELBASE.dll
0x00007ffb7c020000 - 0x00007ffb7c0cc000 	C:\WINDOWS\System32\ADVAPI32.dll
0x00007ffb7b750000 - 0x00007ffb7b7ee000 	C:\WINDOWS\System32\msvcrt.dll
0x00007ffb7bc70000 - 0x00007ffb7bd0b000 	C:\WINDOWS\System32\sechost.dll
0x00007ffb7bd10000 - 0x00007ffb7be3a000 	C:\WINDOWS\System32\RPCRT4.dll
0x00007ffb7a7f0000 - 0x00007ffb7a991000 	C:\WINDOWS\System32\USER32.dll
0x00007ffb79f70000 - 0x00007ffb79f92000 	C:\WINDOWS\System32\win32u.dll
0x00007ffb7aa50000 - 0x00007ffb7aa7b000 	C:\WINDOWS\System32\GDI32.dll
0x00007ffb79b60000 - 0x00007ffb79c6b000 	C:\WINDOWS\System32\gdi32full.dll
0x00007ffb79980000 - 0x00007ffb79a1d000 	C:\WINDOWS\System32\msvcp_win.dll
0x00007ffb79880000 - 0x00007ffb79980000 	C:\WINDOWS\System32\ucrtbase.dll
0x00007ffb651f0000 - 0x00007ffb6548a000 	C:\WINDOWS\WinSxS\amd64_microsoft.windows.common-controls_6595b64144ccf1df_6.0.19041.1110_none_60b5254171f9507e\COMCTL32.dll
0x00007ffb7a180000 - 0x00007ffb7a1b0000 	C:\WINDOWS\System32\IMM32.DLL
0x000000005f170000 - 0x000000005f34f000 	C:\Program Files (x86)\Privacy-i\PIProtectorAPI64.dll
0x00007ffb7b7f0000 - 0x00007ffb7bc62000 	C:\WINDOWS\System32\SETUPAPI.dll
0x00007ffb79830000 - 0x00007ffb7987e000 	C:\WINDOWS\System32\cfgmgr32.dll
0x00007ffb79f40000 - 0x00007ffb79f67000 	C:\WINDOWS\System32\bcrypt.dll
0x00007ffb7b010000 - 0x00007ffb7b74f000 	C:\WINDOWS\System32\SHELL32.dll
0x00007ffb7bef0000 - 0x00007ffb7c01a000 	C:\WINDOWS\System32\ole32.dll
0x00007ffb777d0000 - 0x00007ffb777da000 	C:\WINDOWS\SYSTEM32\VERSION.dll
0x00007ffb7a2e0000 - 0x00007ffb7a635000 	C:\WINDOWS\System32\combase.dll
0x00007ffb7a210000 - 0x00007ffb7a2dd000 	C:\WINDOWS\System32\OLEAUT32.dll
0x00007ffb60e10000 - 0x00007ffb60ea5000 	C:\WINDOWS\SYSTEM32\WINSPOOL.DRV
0x00007ffb7aa80000 - 0x00007ffb7aad5000 	C:\WINDOWS\System32\SHLWAPI.dll
0x00007ffb50760000 - 0x00007ffb507c6000 	C:\WINDOWS\SYSTEM32\OLEACC.dll
0x00007ffb642e0000 - 0x00007ffb64489000 	C:\WINDOWS\WinSxS\amd64_microsoft.windows.gdiplus_6595b64144ccf1df_1.1.19041.1288_none_91a663c8cc864906\gdiplus.dll
0x00007ffb78600000 - 0x00007ffb78633000 	C:\WINDOWS\SYSTEM32\ntmarta.dll
0x00007ffb778d0000 - 0x00007ffb78060000 	C:\WINDOWS\SYSTEM32\windows.storage.dll
0x00007ffb791a0000 - 0x00007ffb791cc000 	C:\WINDOWS\SYSTEM32\Wldp.dll
0x00007ffb7a9a0000 - 0x00007ffb7aa4d000 	C:\WINDOWS\System32\SHCORE.dll
0x00007ffb79770000 - 0x00007ffb7978f000 	C:\WINDOWS\SYSTEM32\profapi.dll
0x00007ffb40200000 - 0x00007ffb40215000 	C:\Program Files\Java\jdk1.8.0_271\jre\bin\vcruntime140.dll
0x00007ffb1a020000 - 0x00007ffb1a0bb000 	C:\Program Files\Java\jdk1.8.0_271\jre\bin\msvcp140.dll
0x000000005d8b0000 - 0x000000005e11f000 	C:\Program Files\Java\jdk1.8.0_271\jre\bin\server\jvm.dll
0x00007ffb7aae0000 - 0x00007ffb7aae8000 	C:\WINDOWS\System32\PSAPI.DLL
0x00007ffb62e90000 - 0x00007ffb62e99000 	C:\WINDOWS\SYSTEM32\WSOCK32.dll
0x00007ffb7abf0000 - 0x00007ffb7ac5b000 	C:\WINDOWS\System32\WS2_32.dll
0x00007ffb5cf20000 - 0x00007ffb5cf47000 	C:\WINDOWS\SYSTEM32\WINMM.dll
0x00007ffb78070000 - 0x00007ffb78082000 	C:\WINDOWS\SYSTEM32\kernel.appcore.dll
0x00007ffb4dba0000 - 0x00007ffb4dbb0000 	C:\Program Files\Java\jdk1.8.0_271\jre\bin\verify.dll
0x00007ffb19ff0000 - 0x00007ffb1a01b000 	C:\Program Files\Java\jdk1.8.0_271\jre\bin\java.dll
0x00007ffb3e420000 - 0x00007ffb3e438000 	C:\Program Files\Java\jdk1.8.0_271\jre\bin\zip.dll
0x00007ffb3d880000 - 0x00007ffb3d89c000 	C:\Program Files\Java\jdk1.8.0_271\jre\bin\net.dll
0x00007ffb78f80000 - 0x00007ffb78fea000 	C:\WINDOWS\system32\mswsock.dll
0x00007ffb78c40000 - 0x00007ffb78c7b000 	C:\WINDOWS\SYSTEM32\IPHLPAPI.DLL
0x00007ffb7ab50000 - 0x00007ffb7ab58000 	C:\WINDOWS\System32\NSI.dll
0x00007ffb733c0000 - 0x00007ffb733d7000 	C:\WINDOWS\SYSTEM32\dhcpcsvc6.DLL
0x00007ffb73230000 - 0x00007ffb7324d000 	C:\WINDOWS\SYSTEM32\dhcpcsvc.DLL
0x00007ffb78c90000 - 0x00007ffb78d5c000 	C:\WINDOWS\SYSTEM32\DNSAPI.dll
0x00007ffb73250000 - 0x00007ffb7325a000 	C:\Windows\System32\rasadhlp.dll
0x00007ffb73770000 - 0x00007ffb737ef000 	C:\WINDOWS\System32\fwpuclnt.dll
0x00007ffb4db10000 - 0x00007ffb4db1d000 	C:\Program Files\Java\jdk1.8.0_271\jre\bin\management.dll
0x00007ffb71020000 - 0x00007ffb71037000 	C:\WINDOWS\system32\napinsp.dll
0x00007ffb71040000 - 0x00007ffb7105b000 	C:\WINDOWS\system32\pnrpnsp.dll
0x00007ffb73ca0000 - 0x00007ffb73cb5000 	C:\WINDOWS\system32\wshbth.dll
0x00007ffb74760000 - 0x00007ffb7477d000 	C:\WINDOWS\system32\NLAapi.dll
0x00007ffb71060000 - 0x00007ffb71072000 	C:\WINDOWS\System32\winrnr.dll
0x00007ffb2e7c0000 - 0x00007ffb2e7d3000 	C:\Program Files\Java\jdk1.8.0_271\jre\bin\nio.dll
0x00007ffb794e0000 - 0x00007ffb794f8000 	C:\WINDOWS\SYSTEM32\CRYPTSP.dll
0x00007ffb788b0000 - 0x00007ffb788e4000 	C:\WINDOWS\system32\rsaenh.dll
0x00007ffb796f0000 - 0x00007ffb7971e000 	C:\WINDOWS\SYSTEM32\USERENV.dll
0x00007ffb79a20000 - 0x00007ffb79aa3000 	C:\WINDOWS\System32\bcryptprimitives.dll
0x00007ffb79110000 - 0x00007ffb7911c000 	C:\WINDOWS\SYSTEM32\CRYPTBASE.dll

VM Arguments:
jvm_args: -Xverify:none -XX:TieredStopAtLevel=1 -Dfile.encoding=x-windows-949 -Duser.country=KR -Duser.language=ko -Duser.variant 
java_command: com.asianaidt.ict.analyca.WebServerApplication
java_class_path (initial): C:\Users\yoonjh4\AppData\Local\Temp\gradle-javaexec-classpath4253304746080434527.jar
Launcher Type: SUN_STANDARD

Environment Variables:
JAVA_HOME=C:\Program Files\Java\jdk1.8.0_271
CLASSPATH=%classpath%;.;.;.;.
PATH=C:\Users\yoonjh4\AppData\Local\Programs\Python\Python37\;C:\Users\yoonjh4\AppData\Local\Programs\Python\Python37\Scripts;C:\WINDOWS\system32;C:\WINDOWS;C:\WINDOWS\System32\Wbem;C:\WINDOWS\System32\WindowsPowerShell\v1.0\;C:\WINDOWS\System32\OpenSSH\;C:\Users\yoonjh4\Downloads\mysql-5.6.39-winx64\bin;C:\adb;C:\Program Files\PuTTY\;C:\Program Files\Git\cmd;c:\Program Files (x86)\Intel\Intel(R) Management Engine Components\DAL;c:\Program Files\Intel\Intel(R) Management Engine Components\DAL;C:\Program Files\Java\jdk1.8.0_271\bin;C:\Program Files\nodejs\;C:\Users\yoonjh4\PycharmProjects\wordCloud\engine;C:\Users\yoonjh4\PycharmProjects\wordCloud\engine\src\com\asianaIDT\ict;C:\Users\yoonjh4\AppData\Local\Programs\Python\Python37\Scripts\;C:\Users\yoonjh4\AppData\Local\Programs\Python\Python37\;C:\Program Files\MySQL\MySQL Shell 8.0\bin\;C:\Program Files\Java\jdk1.8.0_271\bin;C:\Users\yoonjh4\AppData\Local\Microsoft\WindowsApps;C:\Users\yoonjh4\AppData\Roaming\npm;C:\Users\yoonjh4\AppData\Local\Programs\Microsoft VS Code\bin
USERNAME=yoonjh4
OS=Windows_NT
PROCESSOR_IDENTIFIER=Intel64 Family 6 Model 142 Stepping 10, GenuineIntel



---------------  S Y S T E M  ---------------

OS: Windows 10.0 , 64 bit Build 19041 (10.0.19041.1202)

CPU:total 8 (initial active 8) (4 cores per cpu, 2 threads per core) family 6 model 142 stepping 10, cmov, cx8, fxsr, mmx, sse, sse2, sse3, ssse3, sse4.1, sse4.2, popcnt, avx, avx2, aes, clmul, erms, 3dnowpref, lzcnt, ht, tsc, tscinvbit, bmi1, bmi2, adx

Memory: 4k page, physical 16390264k(3319096k free), swap 16390264k(5124k free)

vm_info: Java HotSpot(TM) 64-Bit Server VM (25.271-b09) for windows-amd64 JRE (1.8.0_271-b09), built on Sep 16 2020 19:14:59 by "" with MS VC++ 15.9 (VS2017)

time: Tue Oct 26 14:49:20 2021
timezone: 대한민국 표준시
elapsed time: 17.206508 seconds (0d 0h 0m 17s)

